#
# A fatal error has been detected by the Java Runtime Environment:
#
#  EXCEPTION_ACCESS_VIOLATION (0xc0000005) at pc=0x71e56c62, pid=20984, tid=13540
#
# JRE version: OpenJDK Runtime Environment Temurin-11.0.21+9 (11.0.21+9) (build 11.0.21+9)
# Java VM: OpenJDK Client VM Temurin-11.0.21+9 (11.0.21+9, mixed mode, serial gc, windows-x86)
# Problematic frame:
# C  [glass.dll+0x16c62]
#
# No core dump will be written. Minidumps are not enabled by default on client versions of Windows
#
# If you would like to submit a bug report, please visit:
#   https://github.com/adoptium/adoptium-support/issues
# The crash happened outside the Java Virtual Machine in native code.
# See problematic frame for where to report the bug.
#

---------------  S U M M A R Y ------------

Command Line: -javaagent:C:\Program Files\JetBrains\IntelliJ IDEA 2023.3.2\lib\idea_rt.jar=58838:C:\Program Files\JetBrains\IntelliJ IDEA 2023.3.2\bin -Dfile.encoding=UTF-8 --module-path=C:\Users\cm284\.m2\repository\com\gluonhq\attach\util\4.0.19\util-4.0.19.jar;C:\Users\cm284\.m2\repository\org\openjfx\javafx-fxml\17.0.6\javafx-fxml-17.0.6-win-x86.jar;C:\Users\cm284\.m2\repository\org\openjfx\javafx-graphics\17.0.6\javafx-graphics-17.0.6-win-x86.jar;C:\Users\cm284\.m2\repository\com\gluonhq\attach\display\4.0.19\display-4.0.19.jar;C:\Users\cm284\.m2\repository\org\kordamp\bootstrapfx\bootstrapfx-core\0.4.0\bootstrapfx-core-0.4.0.jar;C:\Users\cm284\.m2\repository\com\gluonhq\attach\lifecycle\4.0.19\lifecycle-4.0.19.jar;C:\Users\cm284\IdeaProjects\GestorTareas\target\classes;C:\Users\cm284\.m2\repository\org\openjfx\javafx-controls\17.0.6\javafx-controls-17.0.6-win-x86.jar;C:\Users\cm284\.m2\repository\org\openjfx\javafx-base\17.0.6\javafx-base-17.0.6-win-x86.jar;C:\Users\cm284\.m2\repository\com\gluonhq\charm-glisten\6.2.3\charm-glisten-6.2.3.jar -Djdk.module.main=com.mendoza.gestortareas com.mendoza.gestortareas/com.mendoza.gestortareas.App

Host: 12th Gen Intel(R) Core(TM) i5-12450H, 12 cores, 31G,  Windows 11 , 64 bit Build 22621 (10.0.22621.3374)
Time: Sun Apr 21 12:30:02 2024 Hora estándar central (México) elapsed time: 4.805660 seconds (0d 0h 0m 4s)

---------------  T H R E A D  ---------------

Current thread (0x1627a800):  JavaThread "JavaFX Application Thread" [_thread_in_native, id=13540, stack(0x19640000,0x19690000)]

Stack: [0x19640000,0x19690000],  sp=0x1968e91c,  free space=314k
Native frames: (J=compiled Java code, A=aot compiled Java code, j=interpreted, Vv=VM code, C=native code)
C  [glass.dll+0x16c62]

Java frames: (J=compiled Java code, j=interpreted, Vv=VM code)
j  com.sun.glass.ui.win.WinWindow._close(J)Z+0 javafx.graphics
j  com.sun.glass.ui.Window.close()V+63 javafx.graphics
j  com.sun.glass.ui.win.WinWindow.close()V+8 javafx.graphics
j  com.sun.glass.ui.Application.terminate()V+75 javafx.graphics
j  com.sun.javafx.tk.quantum.QuantumToolkit.lambda$exit$13()Ljava/lang/Object;+5 javafx.graphics
j  com.sun.javafx.tk.quantum.QuantumToolkit$$Lambda$330.get()Ljava/lang/Object;+0 javafx.graphics
j  com.sun.javafx.tk.quantum.QuantumToolkit.runWithRenderLock(Ljava/util/function/Supplier;)Ljava/lang/Object;+7 javafx.graphics
j  com.sun.javafx.tk.quantum.QuantumToolkit.exit()V+26 javafx.graphics
j  com.sun.javafx.application.PlatformImpl.lambda$tkExit$16()V+3 javafx.graphics
j  com.sun.javafx.application.PlatformImpl$$Lambda$329.run()V+0 javafx.graphics
j  com.sun.javafx.application.PlatformImpl.lambda$runAndWait$12(Ljava/lang/Runnable;Ljava/util/concurrent/CountDownLatch;)V+1 javafx.graphics
j  com.sun.javafx.application.PlatformImpl$$Lambda$86.run()V+8 javafx.graphics
j  com.sun.javafx.application.PlatformImpl.lambda$runLater$10(Ljava/lang/Runnable;)Ljava/lang/Void;+1 javafx.graphics
j  com.sun.javafx.application.PlatformImpl$$Lambda$89.run()Ljava/lang/Object;+4 javafx.graphics
v  ~StubRoutines::call_stub
j  java.security.AccessController.doPrivileged(Ljava/security/PrivilegedAction;Ljava/security/AccessControlContext;)Ljava/lang/Object;+0 java.base@11.0.21
j  com.sun.javafx.application.PlatformImpl.lambda$runLater$11(Ljava/lang/Runnable;Ljava/security/AccessControlContext;)V+7 javafx.graphics
j  com.sun.javafx.application.PlatformImpl$$Lambda$88.run()V+8 javafx.graphics
j  com.sun.glass.ui.InvokeLaterDispatcher$Future.run()V+4 javafx.graphics
v  ~StubRoutines::call_stub
j  com.sun.glass.ui.win.WinApplication._runLoop(Ljava/lang/Runnable;)V+0 javafx.graphics
j  com.sun.glass.ui.win.WinApplication.lambda$runLoop$3(ILjava/lang/Runnable;)V+8 javafx.graphics
j  com.sun.glass.ui.win.WinApplication$$Lambda$77.run()V+12 javafx.graphics
j  java.lang.Thread.run()V+11 java.base@11.0.21
v  ~StubRoutines::call_stub

siginfo: EXCEPTION_ACCESS_VIOLATION (0xc0000005), reading address 0x000000b8


Register to memory mapping:

EIP=0x71e56c62 glass.dll
EAX=0x0 is NULL
EBX=0x1968eb50 is pointing into the stack for thread: 0x1627a800
ECX=0x0 is NULL
EDX=0x0 is NULL
ESP=0x1968e91c is pointing into the stack for thread: 0x1627a800
EBP=0x1968e948 is pointing into the stack for thread: 0x1627a800
ESI=0x00000401 is an unknown value
EDI=0x0 is NULL


Registers:
EAX=0x00000000, EBX=0x1968eb50, ECX=0x00000000, EDX=0x00000000
ESP=0x1968e91c, EBP=0x1968e948, ESI=0x00000401, EDI=0x00000000
EIP=0x71e56c62, EFLAGS=0x00010202

Top of Stack: (sp=0x1968e91c)
0x1968e91c:   1968eb50 00000401 1968eb50 71e48df8
0x1968e92c:   5a36958c 1612e080 002d07a4 00000401
0x1968e93c:   1968ea7c 71e602b0 ffffffff 00000000
0x1968e94c:   71e41755 00000401 1968eb50 00000000
0x1968e95c:   00000401 002d07a4 1968e994 71e416f0
0x1968e96c:   758630b3 002d07a4 00000401 1968eb50
0x1968e97c:   00000000 002d07a4 dcbaabcd 71e416f0
0x1968e98c:   00000401 002d07a4 1968ea8c 75853ef6 

Instructions: (pc=0x71e56c62)
0x71e56b62:   21 56 e8 47 42 00 00 ff 35 e8 03 e7 71 8b f0 ff
0x71e56b72:   77 68 56 e8 96 de fe ff 56 e8 a0 41 00 00 83 c4
0x71e56b82:   10 5e c7 05 a4 03 e7 71 00 00 00 00 5f c3 83 ec
0x71e56b92:   24 a1 ec e0 e6 71 33 c4 89 44 24 20 8b 44 24 28
0x71e56ba2:   53 89 44 24 04 8b d9 8b 44 24 30 89 44 24 08 8b
0x71e56bb2:   44 24 38 55 89 44 24 10 8b 44 24 38 56 89 83 84
0x71e56bc2:   00 00 00 8b 44 24 0c 89 5c 24 18 bb 00 00 00 80
0x71e56bd2:   8b eb 8b f3 57 8b fb 85 c0 79 29 8d 44 24 20 50
0x71e56be2:   e8 29 aa fe ff 83 c4 04 85 c0 8b 44 24 10 74 14
0x71e56bf2:   8b 74 24 28 8b 5c 24 20 2b f3 8b 7c 24 2c 8b 6c
0x71e56c02:   24 24 2b fd 6a 00 50 ff 74 24 1c 68 d8 23 e6 71
0x71e56c12:   57 56 8b 74 24 34 8b ce 55 53 ff 74 24 38 e8 db
0x71e56c22:   a7 fe ff 8b f8 8d 4e 14 57 e8 40 64 00 00 57 8d
0x71e56c32:   4e 14 e8 c7 64 00 00 8b 4c 24 30 8b c7 5f 5e 5d
0x71e56c42:   5b 33 cc e8 ae 7a 00 00 83 c4 24 c2 10 00 53 8b
0x71e56c52:   d9 56 57 ff 73 08 e8 93 a9 fe ff 8b f8 83 c4 04
0x71e56c62:   8b 87 b8 00 00 00 85 c0 75 03 8b 47 04 3b 05 a4
0x71e56c72:   03 e7 71 75 29 e8 34 41 00 00 ff 35 e8 03 e7 71
0x71e56c82:   8b f0 ff 77 68 56 e8 83 dd fe ff 56 e8 8d 40 00
0x71e56c92:   00 83 c4 10 c7 05 a4 03 e7 71 00 00 00 00 8d 4f
0x71e56ca2:   14 e8 b8 69 00 00 8d 4f 14 e8 e0 69 00 00 ff 73
0x71e56cb2:   08 ff 15 f8 fe e6 71 85 c0 5f 0f 95 c0 5e 88 43
0x71e56cc2:   04 5b c3 cc cc cc cc cc cc cc cc cc cc cc 55 8b
0x71e56cd2:   ec 6a ff 68 f7 11 e6 71 64 a1 00 00 00 00 50 83
0x71e56ce2:   ec 08 53 56 57 a1 ec e0 e6 71 33 c5 50 8d 45 f4
0x71e56cf2:   64 a3 00 00 00 00 8b f9 ff 77 18 ff 15 60 ff e6
0x71e56d02:   71 85 c0 75 13 0f 57 c0 66 0f 13 45 ec 8b 55 f0
0x71e56d12:   8b 45 ec e9 a7 00 00 00 68 dc 00 00 00 e8 96 79
0x71e56d22:   00 00 83 c4 04 89 45 f0 c7 45 fc 00 00 00 00 85
0x71e56d32:   c0 74 19 ff 77 18 8b c8 6a 01 6a 00 6a 00 6a 00
0x71e56d42:   ff 77 10 e8 a6 f9 ff ff 8b d8 eb 02 33 db ff 77
0x71e56d52:   18 8b cb c7 45 fc ff ff ff ff 6a 00 68 00 00 10 


Stack slot to memory mapping:
stack at sp + 0 slots: 0x1968eb50 is pointing into the stack for thread: 0x1627a800
stack at sp + 1 slots: 0x00000401 is an unknown value
stack at sp + 2 slots: 0x1968eb50 is pointing into the stack for thread: 0x1627a800
stack at sp + 3 slots: 0x71e48df8 glass.dll
stack at sp + 4 slots: 0x5a36958c jvm.dll
stack at sp + 5 slots: 0x1612e080 points into unknown readable memory: 0x71e6319c | 9c 31 e6 71
stack at sp + 6 slots: 0x002d07a4 is an unknown value
stack at sp + 7 slots: 0x00000401 is an unknown value


---------------  P R O C E S S  ---------------

Threads class SMR info:
_java_thread_list=0x1675fc78, length=17, elements={
0x02f0f400, 0x02fe8400, 0x02fc4c00, 0x02fe4800,
0x02fe6400, 0x02fe7400, 0x15280000, 0x15283400,
0x02f95c00, 0x157b9400, 0x15a97000, 0x16279c00,
0x1627a800, 0x163e8800, 0x163fd000, 0x166dac00,
0x165c6000
}

Java Threads: ( => current thread )
  0x02f0f400 JavaThread "main" [_thread_blocked, id=16464, stack(0x026a0000,0x026f0000)]
  0x02fe8400 JavaThread "Reference Handler" daemon [_thread_blocked, id=7728, stack(0x15040000,0x15090000)]
  0x02fc4c00 JavaThread "Finalizer" daemon [_thread_blocked, id=1632, stack(0x150d0000,0x15120000)]
  0x02fe4800 JavaThread "Signal Dispatcher" daemon [_thread_blocked, id=13704, stack(0x15490000,0x154e0000)]
  0x02fe6400 JavaThread "Attach Listener" daemon [_thread_blocked, id=4996, stack(0x15520000,0x15570000)]
  0x02fe7400 JavaThread "Service Thread" daemon [_thread_blocked, id=20772, stack(0x155b0000,0x15600000)]
  0x15280000 JavaThread "C1 CompilerThread0" daemon [_thread_blocked, id=16512, stack(0x15640000,0x15690000)]
  0x15283400 JavaThread "Sweeper thread" daemon [_thread_blocked, id=19172, stack(0x156d0000,0x15720000)]
  0x02f95c00 JavaThread "Common-Cleaner" daemon [_thread_blocked, id=10468, stack(0x15760000,0x157b0000)]
  0x157b9400 JavaThread "Monitor Ctrl-Break" daemon [_thread_in_native, id=22188, stack(0x15bf0000,0x15c40000)]
  0x15a97000 JavaThread "QuantumRenderer-0" daemon [_thread_blocked, id=11828, stack(0x15f10000,0x15f60000)]
  0x16279c00 JavaThread "InvokeLaterDispatcher" daemon [_thread_blocked, id=23352, stack(0x194b0000,0x19500000)]
=>0x1627a800 JavaThread "JavaFX Application Thread" [_thread_in_native, id=13540, stack(0x19640000,0x19690000)]
  0x163e8800 JavaThread "JavaFX-Launcher" [_thread_blocked, id=14988, stack(0x1db10000,0x1db60000)]
  0x163fd000 JavaThread "Thread-2" daemon [_thread_in_native, id=15336, stack(0x1da80000,0x1dad0000)]
  0x166dac00 JavaThread "Prism Font Disposer" daemon [_thread_blocked, id=9600, stack(0x1ffb0000,0x20000000)]
  0x165c6000 JavaThread "Cleaner-0" daemon [_thread_blocked, id=20900, stack(0x1e530000,0x1e580000)]

Other Threads:
  0x02fc1800 VMThread "VM Thread" [stack: 0x02e70000,0x02ec0000] [id=11032]
  0x157ba000 WatcherThread [stack: 0x15c80000,0x15cd0000] [id=8312]

Threads with active compile tasks:

VM state:not at safepoint (normal execution)

VM Mutex/Monitor currently owned by a thread: None

Heap:
 def new generation   total 4992K, used 1018K [0x05000000, 0x05560000, 0x0a550000)
  eden space 4480K,  16% used [0x05000000, 0x050b68d0, 0x05460000)
  from space 512K,  56% used [0x05460000, 0x054a7fa0, 0x054e0000)
  to   space 512K,   0% used [0x054e0000, 0x054e0000, 0x05560000)
 tenured generation   total 10944K, used 9239K [0x0a550000, 0x0b000000, 0x15000000)
   the space 10944K,  84% used [0x0a550000, 0x0ae55c28, 0x0ae55e00, 0x0b000000)
 Metaspace       used 13991K, capacity 14238K, committed 14336K, reserved 14720K

Card table byte_map: [0x028e0000,0x02970000] _byte_map_base: 0x028b8000

Polling page: 0x00dc0000

Metaspace:

Usage:
   13.90 MB capacity,    13.66 MB ( 98%) used,   162.28 KB (  1%) free+waste,    84.14 KB ( <1%) overhead. 

Virtual space:
     14.38 MB reserved,      14.00 MB ( 97%) committed 

Chunk freelists:
2.00 KB

MaxMetaspaceSize: 4.00 GB
No class space
Initial GC threshold: 12.00 MB
Current GC threshold: 20.00 MB
CDS: off

CodeCache: size=32768Kb used=1965Kb max_used=1965Kb free=30802Kb
 bounds [0x02ff0000, 0x031e0000, 0x04ff0000]
 total_blobs=1650 nmethods=1230 adapters=353
 compilation: enabled
              stopped_count=0, restarted_count=0
 full_count=0

Compilation events (20 events):
Event: 3.722 Thread 0x15280000 1221             javafx.geometry.Point3D::getY (5 bytes)
Event: 3.722 Thread 0x15280000 nmethod 1221 0x031d74c8 code [0x031d75d0, 0x031d7650]
Event: 3.722 Thread 0x15280000 1222             javafx.geometry.Point3D::getZ (5 bytes)
Event: 3.722 Thread 0x15280000 nmethod 1222 0x031d7688 code [0x031d7790, 0x031d7810]
Event: 3.956 Thread 0x15280000 1223             com.sun.glass.ui.Application::checkEventThread (35 bytes)
Event: 3.957 Thread 0x15280000 nmethod 1223 0x031d7848 code [0x031d7970, 0x031d7ac8]
Event: 4.521 Thread 0x15280000 1224             javafx.scene.CssStyleHelper::getTransitionStates (144 bytes)
Event: 4.522 Thread 0x15280000 nmethod 1224 0x031d7bc8 code [0x031d7d50, 0x031d827c]
Event: 4.734 Thread 0x15280000 1225             jdk.internal.org.objectweb.asm.MethodVisitor::<init> (35 bytes)
Event: 4.734 Thread 0x15280000 nmethod 1225 0x031d8688 code [0x031d87a0, 0x031d88bc]
Event: 4.737 Thread 0x15280000 1226             com.sun.marlin.Helpers::outcode (70 bytes)
Event: 4.737 Thread 0x15280000 nmethod 1226 0x031d8948 code [0x031d8a60, 0x031d8bd0]
Event: 4.737 Thread 0x15280000 1227             com.sun.marlin.Renderer::addLine (533 bytes)
Event: 4.738 Thread 0x15280000 nmethod 1227 0x031d8cc8 code [0x031d8e30, 0x031d9418]
Event: 4.775 Thread 0x15280000 1228             jdk.internal.misc.VM::initLevel (4 bytes)
Event: 4.775 Thread 0x15280000 nmethod 1228 0x031d9608 code [0x031d9710, 0x031d9790]
Event: 4.775 Thread 0x15280000 1229             jdk.internal.misc.VM::isModuleSystemInited (13 bytes)
Event: 4.775 Thread 0x15280000 nmethod 1229 0x031d97c8 code [0x031d98d0, 0x031d9960]
Event: 4.775 Thread 0x15280000 1230             sun.nio.cs.UTF_8$Encoder::encodeArrayLoop (489 bytes)
Event: 4.777 Thread 0x15280000 nmethod 1230 0x031d99c8 code [0x031d9d50, 0x031dab04]

GC Heap History (20 events):
Event: 0.587 GC heap before
{Heap before GC invocations=4 (full 0):
 def new generation   total 4928K, used 4647K [0x05000000, 0x05550000, 0x0a550000)
  eden space 4416K, 100% used [0x05000000, 0x05450000, 0x05450000)
  from space 512K,  45% used [0x05450000, 0x05489e00, 0x054d0000)
  to   space 512K,   0% used [0x054d0000, 0x054d0000, 0x05550000)
 tenured generation   total 10944K, used 1898K [0x0a550000, 0x0b000000, 0x15000000)
   the space 10944K,  17% used [0x0a550000, 0x0a72a820, 0x0a72aa00, 0x0b000000)
 Metaspace       used 7779K, capacity 7911K, committed 7936K, reserved 8576K
}
Event: 0.589 GC heap after
{Heap after GC invocations=5 (full 0):
 def new generation   total 4928K, used 472K [0x05000000, 0x05550000, 0x0a550000)
  eden space 4416K,   0% used [0x05000000, 0x05000000, 0x05450000)
  from space 512K,  92% used [0x054d0000, 0x055461b8, 0x05550000)
  to   space 512K,   0% used [0x05450000, 0x05450000, 0x054d0000)
 tenured generation   total 10944K, used 2346K [0x0a550000, 0x0b000000, 0x15000000)
   the space 10944K,  21% used [0x0a550000, 0x0a79a830, 0x0a79aa00, 0x0b000000)
 Metaspace       used 7779K, capacity 7911K, committed 7936K, reserved 8576K
}
Event: 0.656 GC heap before
{Heap before GC invocations=5 (full 0):
 def new generation   total 4928K, used 4888K [0x05000000, 0x05550000, 0x0a550000)
  eden space 4416K, 100% used [0x05000000, 0x05450000, 0x05450000)
  from space 512K,  92% used [0x054d0000, 0x055461b8, 0x05550000)
  to   space 512K,   0% used [0x05450000, 0x05450000, 0x054d0000)
 tenured generation   total 10944K, used 2346K [0x0a550000, 0x0b000000, 0x15000000)
   the space 10944K,  21% used [0x0a550000, 0x0a79a830, 0x0a79aa00, 0x0b000000)
 Metaspace       used 9333K, capacity 9475K, committed 9600K, reserved 9600K
}
Event: 0.658 GC heap after
{Heap after GC invocations=6 (full 0):
 def new generation   total 4928K, used 512K [0x05000000, 0x05550000, 0x0a550000)
  eden space 4416K,   0% used [0x05000000, 0x05000000, 0x05450000)
  from space 512K, 100% used [0x05450000, 0x054d0000, 0x054d0000)
  to   space 512K,   0% used [0x054d0000, 0x054d0000, 0x05550000)
 tenured generation   total 10944K, used 3143K [0x0a550000, 0x0b000000, 0x15000000)
   the space 10944K,  28% used [0x0a550000, 0x0a861d90, 0x0a861e00, 0x0b000000)
 Metaspace       used 9333K, capacity 9475K, committed 9600K, reserved 9600K
}
Event: 0.723 GC heap before
{Heap before GC invocations=6 (full 0):
 def new generation   total 4928K, used 4928K [0x05000000, 0x05550000, 0x0a550000)
  eden space 4416K, 100% used [0x05000000, 0x05450000, 0x05450000)
  from space 512K, 100% used [0x05450000, 0x054d0000, 0x054d0000)
  to   space 512K,   0% used [0x054d0000, 0x054d0000, 0x05550000)
 tenured generation   total 10944K, used 3143K [0x0a550000, 0x0b000000, 0x15000000)
   the space 10944K,  28% used [0x0a550000, 0x0a861d90, 0x0a861e00, 0x0b000000)
 Metaspace       used 10679K, capacity 10837K, committed 10880K, reserved 11648K
}
Event: 0.725 GC heap after
{Heap after GC invocations=7 (full 0):
 def new generation   total 4928K, used 512K [0x05000000, 0x05550000, 0x0a550000)
  eden space 4416K,   0% used [0x05000000, 0x05000000, 0x05450000)
  from space 512K, 100% used [0x054d0000, 0x05550000, 0x05550000)
  to   space 512K,   0% used [0x05450000, 0x05450000, 0x054d0000)
 tenured generation   total 10944K, used 3924K [0x0a550000, 0x0b000000, 0x15000000)
   the space 10944K,  35% used [0x0a550000, 0x0a925178, 0x0a925200, 0x0b000000)
 Metaspace       used 10679K, capacity 10837K, committed 10880K, reserved 11648K
}
Event: 0.770 GC heap before
{Heap before GC invocations=7 (full 0):
 def new generation   total 4928K, used 4928K [0x05000000, 0x05550000, 0x0a550000)
  eden space 4416K, 100% used [0x05000000, 0x05450000, 0x05450000)
  from space 512K, 100% used [0x054d0000, 0x05550000, 0x05550000)
  to   space 512K,   0% used [0x05450000, 0x05450000, 0x054d0000)
 tenured generation   total 10944K, used 3924K [0x0a550000, 0x0b000000, 0x15000000)
   the space 10944K,  35% used [0x0a550000, 0x0a925178, 0x0a925200, 0x0b000000)
 Metaspace       used 11217K, capacity 11393K, committed 11520K, reserved 11648K
}
Event: 0.773 GC heap after
{Heap after GC invocations=8 (full 0):
 def new generation   total 4928K, used 512K [0x05000000, 0x05550000, 0x0a550000)
  eden space 4416K,   0% used [0x05000000, 0x05000000, 0x05450000)
  from space 512K, 100% used [0x05450000, 0x054d0000, 0x054d0000)
  to   space 512K,   0% used [0x054d0000, 0x054d0000, 0x05550000)
 tenured generation   total 10944K, used 4924K [0x0a550000, 0x0b000000, 0x15000000)
   the space 10944K,  45% used [0x0a550000, 0x0aa1f3a0, 0x0aa1f400, 0x0b000000)
 Metaspace       used 11217K, capacity 11393K, committed 11520K, reserved 11648K
}
Event: 0.829 GC heap before
{Heap before GC invocations=8 (full 0):
 def new generation   total 4928K, used 4928K [0x05000000, 0x05550000, 0x0a550000)
  eden space 4416K, 100% used [0x05000000, 0x05450000, 0x05450000)
  from space 512K, 100% used [0x05450000, 0x054d0000, 0x054d0000)
  to   space 512K,   0% used [0x054d0000, 0x054d0000, 0x05550000)
 tenured generation   total 10944K, used 4924K [0x0a550000, 0x0b000000, 0x15000000)
   the space 10944K,  45% used [0x0a550000, 0x0aa1f3a0, 0x0aa1f400, 0x0b000000)
 Metaspace       used 11890K, capacity 12101K, committed 12160K, reserved 12672K
}
Event: 0.832 GC heap after
{Heap after GC invocations=9 (full 0):
 def new generation   total 4928K, used 414K [0x05000000, 0x05550000, 0x0a550000)
  eden space 4416K,   0% used [0x05000000, 0x05000000, 0x05450000)
  from space 512K,  81% used [0x054d0000, 0x05537b58, 0x05550000)
  to   space 512K,   0% used [0x05450000, 0x05450000, 0x054d0000)
 tenured generation   total 10944K, used 5433K [0x0a550000, 0x0b000000, 0x15000000)
   the space 10944K,  49% used [0x0a550000, 0x0aa9e630, 0x0aa9e800, 0x0b000000)
 Metaspace       used 11890K, capacity 12101K, committed 12160K, reserved 12672K
}
Event: 0.864 GC heap before
{Heap before GC invocations=9 (full 0):
 def new generation   total 4928K, used 1590K [0x05000000, 0x05550000, 0x0a550000)
  eden space 4416K,  26% used [0x05000000, 0x05125df0, 0x05450000)
  from space 512K,  81% used [0x054d0000, 0x05537b58, 0x05550000)
  to   space 512K,   0% used [0x05450000, 0x05450000, 0x054d0000)
 tenured generation   total 10944K, used 5433K [0x0a550000, 0x0b000000, 0x15000000)
   the space 10944K,  49% used [0x0a550000, 0x0aa9e630, 0x0aa9e800, 0x0b000000)
 Metaspace       used 12098K, capacity 12270K, committed 12288K, reserved 12672K
}
Event: 0.875 GC heap after
{Heap after GC invocations=10 (full 1):
 def new generation   total 4992K, used 0K [0x05000000, 0x05560000, 0x0a550000)
  eden space 4480K,   0% used [0x05000000, 0x05000000, 0x05460000)
  from space 512K,   0% used [0x05460000, 0x05460000, 0x054e0000)
  to   space 512K,   0% used [0x054e0000, 0x054e0000, 0x05560000)
 tenured generation   total 10944K, used 5879K [0x0a550000, 0x0b000000, 0x15000000)
   the space 10944K,  53% used [0x0a550000, 0x0ab0dcc8, 0x0ab0de00, 0x0b000000)
 Metaspace       used 12098K, capacity 12270K, committed 12288K, reserved 12672K
}
Event: 0.944 GC heap before
{Heap before GC invocations=10 (full 1):
 def new generation   total 4992K, used 4480K [0x05000000, 0x05560000, 0x0a550000)
  eden space 4480K, 100% used [0x05000000, 0x05460000, 0x05460000)
  from space 512K,   0% used [0x05460000, 0x05460000, 0x054e0000)
  to   space 512K,   0% used [0x054e0000, 0x054e0000, 0x05560000)
 tenured generation   total 10944K, used 5879K [0x0a550000, 0x0b000000, 0x15000000)
   the space 10944K,  53% used [0x0a550000, 0x0ab0dcc8, 0x0ab0de00, 0x0b000000)
 Metaspace       used 12517K, capacity 12722K, committed 12800K, reserved 13696K
}
Event: 0.946 GC heap after
{Heap after GC invocations=11 (full 1):
 def new generation   total 4992K, used 512K [0x05000000, 0x05560000, 0x0a550000)
  eden space 4480K,   0% used [0x05000000, 0x05000000, 0x05460000)
  from space 512K, 100% used [0x054e0000, 0x05560000, 0x05560000)
  to   space 512K,   0% used [0x05460000, 0x05460000, 0x054e0000)
 tenured generation   total 10944K, used 6070K [0x0a550000, 0x0b000000, 0x15000000)
   the space 10944K,  55% used [0x0a550000, 0x0ab3da88, 0x0ab3dc00, 0x0b000000)
 Metaspace       used 12517K, capacity 12722K, committed 12800K, reserved 13696K
}
Event: 1.060 GC heap before
{Heap before GC invocations=11 (full 1):
 def new generation   total 4992K, used 4949K [0x05000000, 0x05560000, 0x0a550000)
  eden space 4480K,  99% used [0x05000000, 0x05455580, 0x05460000)
  from space 512K, 100% used [0x054e0000, 0x05560000, 0x05560000)
  to   space 512K,   0% used [0x05460000, 0x05460000, 0x054e0000)
 tenured generation   total 10944K, used 6070K [0x0a550000, 0x0b000000, 0x15000000)
   the space 10944K,  55% used [0x0a550000, 0x0ab3da88, 0x0ab3dc00, 0x0b000000)
 Metaspace       used 12999K, capacity 13218K, committed 13312K, reserved 13696K
}
Event: 1.063 GC heap after
{Heap after GC invocations=12 (full 1):
 def new generation   total 4992K, used 512K [0x05000000, 0x05560000, 0x0a550000)
  eden space 4480K,   0% used [0x05000000, 0x05000000, 0x05460000)
  from space 512K, 100% used [0x05460000, 0x054e0000, 0x054e0000)
  to   space 512K,   0% used [0x054e0000, 0x054e0000, 0x05560000)
 tenured generation   total 10944K, used 6992K [0x0a550000, 0x0b000000, 0x15000000)
   the space 10944K,  63% used [0x0a550000, 0x0ac24210, 0x0ac24400, 0x0b000000)
 Metaspace       used 12999K, capacity 13218K, committed 13312K, reserved 13696K
}
Event: 1.143 GC heap before
{Heap before GC invocations=12 (full 1):
 def new generation   total 4992K, used 4371K [0x05000000, 0x05560000, 0x0a550000)
  eden space 4480K,  86% used [0x05000000, 0x053c4dc0, 0x05460000)
  from space 512K, 100% used [0x05460000, 0x054e0000, 0x054e0000)
  to   space 512K,   0% used [0x054e0000, 0x054e0000, 0x05560000)
 tenured generation   total 10944K, used 6992K [0x0a550000, 0x0b000000, 0x15000000)
   the space 10944K,  63% used [0x0a550000, 0x0ac24210, 0x0ac24400, 0x0b000000)
 Metaspace       used 13617K, capacity 13868K, committed 13952K, reserved 14720K
}
Event: 1.145 GC heap after
{Heap after GC invocations=13 (full 1):
 def new generation   total 4992K, used 512K [0x05000000, 0x05560000, 0x0a550000)
  eden space 4480K,   0% used [0x05000000, 0x05000000, 0x05460000)
  from space 512K, 100% used [0x054e0000, 0x05560000, 0x05560000)
  to   space 512K,   0% used [0x05460000, 0x05460000, 0x054e0000)
 tenured generation   total 10944K, used 7718K [0x0a550000, 0x0b000000, 0x15000000)
   the space 10944K,  70% used [0x0a550000, 0x0acd9860, 0x0acd9a00, 0x0b000000)
 Metaspace       used 13617K, capacity 13868K, committed 13952K, reserved 14720K
}
Event: 2.874 GC heap before
{Heap before GC invocations=13 (full 1):
 def new generation   total 4992K, used 4992K [0x05000000, 0x05560000, 0x0a550000)
  eden space 4480K, 100% used [0x05000000, 0x05460000, 0x05460000)
  from space 512K, 100% used [0x054e0000, 0x05560000, 0x05560000)
  to   space 512K,   0% used [0x05460000, 0x05460000, 0x054e0000)
 tenured generation   total 10944K, used 7718K [0x0a550000, 0x0b000000, 0x15000000)
   the space 10944K,  70% used [0x0a550000, 0x0acd9860, 0x0acd9a00, 0x0b000000)
 Metaspace       used 13965K, capacity 14224K, committed 14336K, reserved 14720K
}
Event: 2.878 GC heap after
{Heap after GC invocations=14 (full 1):
 def new generation   total 4992K, used 287K [0x05000000, 0x05560000, 0x0a550000)
  eden space 4480K,   0% used [0x05000000, 0x05000000, 0x05460000)
  from space 512K,  56% used [0x05460000, 0x054a7fa0, 0x054e0000)
  to   space 512K,   0% used [0x054e0000, 0x054e0000, 0x05560000)
 tenured generation   total 10944K, used 9239K [0x0a550000, 0x0b000000, 0x15000000)
   the space 10944K,  84% used [0x0a550000, 0x0ae55c28, 0x0ae55e00, 0x0b000000)
 Metaspace       used 13965K, capacity 14224K, committed 14336K, reserved 14720K
}

Deoptimization events (8 events):
Event: 0.914 Thread 0x1627a800 DEOPT PACKING pc=0x03114bcf sp=0x1968e210
Event: 0.914 Thread 0x1627a800 DEOPT UNPACKING pc=0x0302c187 sp=0x1968e130 mode 3
Event: 0.918 Thread 0x1627a800 DEOPT PACKING pc=0x0314bbb1 sp=0x1968e390
Event: 0.918 Thread 0x1627a800 DEOPT UNPACKING pc=0x0302c187 sp=0x1968e2b4 mode 3
Event: 0.978 Thread 0x1627a800 DEOPT PACKING pc=0x0316fd8c sp=0x1968dff0
Event: 0.978 Thread 0x1627a800 DEOPT UNPACKING pc=0x0302c187 sp=0x1968dea0 mode 3
Event: 1.158 Thread 0x15a97000 DEOPT PACKING pc=0x031a467d sp=0x15f5ec20
Event: 1.158 Thread 0x15a97000 DEOPT UNPACKING pc=0x0302c187 sp=0x15f5eb4c mode 3

Classes redefined (0 events):
No events

Internal exceptions (20 events):
Event: 0.752 Thread 0x1627a800 Exception <a 'java/lang/NoSuchMethodError'{0x053406a0}: 'void java.lang.invoke.DirectMethodHandle$Holder.invokeSpecial(java.lang.Object, java.lang.Object, java.lang.Object, java.lang.Object, java.lang.Object)'> (0x053406a0) thrown at [s\src\hotspot\share\interpreter\linkResolver.cpp, line 773]
Event: 0.917 Thread 0x1627a800 Implicit null exception at 0x0314a8cc to 0x0314bbac
Event: 0.946 Thread 0x1627a800 Exception <a 'java/lang/NoSuchMethodError'{0x0500a488}: 'java.lang.Object java.lang.invoke.Invokers$Holder.linkToTargetMethod(java.lang.Object, int, java.lang.Object)'> (0x0500a488) thrown at [s\src\hotspot\share\interpreter\linkResolver.cpp, line 773]
Event: 0.958 Thread 0x1627a800 Exception <a 'java/lang/NoSuchMethodError'{0x050d66d0}: 'java.lang.Object java.lang.invoke.DirectMethodHandle$Holder.invokeInterface(java.lang.Object, java.lang.Object, java.lang.Object)'> (0x050d66d0) thrown at [s\src\hotspot\share\interpreter\linkResolver.cpp, line 773]
Event: 0.959 Thread 0x1627a800 Exception <a 'java/lang/IncompatibleClassChangeError'{0x050d9490}: Found class java.lang.Object, but interface was expected> (0x050d9490) thrown at [s\src\hotspot\share\interpreter\linkResolver.cpp, line 839]
Event: 1.041 Thread 0x1627a800 Exception <a 'java/io/FileNotFoundException'{0x0538b1c0}> (0x0538b1c0) thrown at [s\src\hotspot\share\prims\jni.cpp, line 617]
Event: 1.041 Thread 0x1627a800 Exception <a 'java/io/FileNotFoundException'{0x053a8488}> (0x053a8488) thrown at [s\src\hotspot\share\prims\jni.cpp, line 617]
Event: 1.043 Thread 0x1627a800 Exception <a 'java/io/FileNotFoundException'{0x053ac4c8}> (0x053ac4c8) thrown at [s\src\hotspot\share\prims\jni.cpp, line 617]
Event: 1.043 Thread 0x1627a800 Exception <a 'java/io/FileNotFoundException'{0x053ad358}> (0x053ad358) thrown at [s\src\hotspot\share\prims\jni.cpp, line 617]
Event: 1.068 Thread 0x1627a800 Exception <a 'java/io/FileNotFoundException'{0x050547d8}> (0x050547d8) thrown at [s\src\hotspot\share\prims\jni.cpp, line 617]
Event: 1.068 Thread 0x1627a800 Exception <a 'java/io/FileNotFoundException'{0x05057270}> (0x05057270) thrown at [s\src\hotspot\share\prims\jni.cpp, line 617]
Event: 1.068 Thread 0x1627a800 Exception <a 'java/io/FileNotFoundException'{0x050582c0}> (0x050582c0) thrown at [s\src\hotspot\share\prims\jni.cpp, line 617]
Event: 1.097 Thread 0x15a97000 Exception <a 'java/lang/NoSuchMethodError'{0x05149500}: 'int java.lang.invoke.DirectMethodHandle$Holder.invokeStaticInit(java.lang.Object, java.lang.Object)'> (0x05149500) thrown at [s\src\hotspot\share\interpreter\linkResolver.cpp, line 773]
Event: 2.635 Thread 0x1627a800 Exception <a 'java/lang/NoSuchMethodError'{0x052d5b20}: 'long java.lang.invoke.DirectMethodHandle$Holder.invokeStaticInit(java.lang.Object, java.lang.Object, java.lang.Object)'> (0x052d5b20) thrown at [s\src\hotspot\share\interpreter\linkResolver.cpp, line 773]
Event: 2.638 Thread 0x1627a800 Exception <a 'java/lang/NoSuchMethodError'{0x052ec4f0}: 'java.lang.Object java.lang.invoke.DirectMethodHandle$Holder.invokeStatic(java.lang.Object, java.lang.Object, long)'> (0x052ec4f0) thrown at [s\src\hotspot\share\interpreter\linkResolver.cpp, line 773]
Event: 2.638 Thread 0x1627a800 Exception <a 'java/lang/NoSuchMethodError'{0x052f1f40}: 'java.lang.Object java.lang.invoke.Invokers$Holder.linkToTargetMethod(java.lang.Object, long, java.lang.Object)'> (0x052f1f40) thrown at [s\src\hotspot\share\interpreter\linkResolver.cpp, line 773]
Event: 2.846 Thread 0x1627a800 Exception <a 'java/lang/NoSuchMethodError'{0x053484c0}: 'int java.lang.invoke.DirectMethodHandle$Holder.invokeInterface(java.lang.Object, java.lang.Object)'> (0x053484c0) thrown at [s\src\hotspot\share\interpreter\linkResolver.cpp, line 773]
Event: 2.852 Thread 0x1627a800 Exception <a 'sun/nio/fs/WindowsException'{0x05397010}> (0x05397010) thrown at [s\src\hotspot\share\prims\jni.cpp, line 617]
Event: 2.869 Thread 0x1627a800 Exception <a 'java/lang/NoSuchMethodError'{0x053fd570}: 'void java.lang.invoke.DirectMethodHandle$Holder.invokeSpecial(java.lang.Object, java.lang.Object, java.lang.Object, java.lang.Object, java.lang.Object, java.lang.Object)'> (0x053fd570) thrown at [s\src\hotspot\share\interpreter\linkResolver.cpp, line 773]
Event: 4.775 Thread 0x1627a800 Exception <a 'java/lang/IllegalArgumentException'{0x050a2fc8}> (0x050a2fc8) thrown at [s\src\hotspot\share\prims\jvm.cpp, line 1310]

Events (20 events):
Event: 4.734 loading class javafx/application/Application
Event: 4.734 loading class javafx/application/Application done
Event: 4.734 loading class javafx/application/Application
Event: 4.734 loading class javafx/application/Application done
Event: 4.773 loading class com/sun/javafx/tk/quantum/GlassScene
Event: 4.773 loading class com/sun/javafx/tk/quantum/GlassScene done
Event: 4.773 loading class com/sun/javafx/tk/quantum/WindowStage
Event: 4.773 loading class com/sun/javafx/tk/quantum/WindowStage done
Event: 4.773 loading class com/sun/prism/GraphicsResource
Event: 4.773 loading class com/sun/prism/GraphicsResource done
Event: 4.773 loading class com/sun/prism/GraphicsResource
Event: 4.773 loading class com/sun/prism/GraphicsResource done
Event: 4.773 loading class com/sun/javafx/tk/quantum/ViewScene
Event: 4.773 loading class com/sun/javafx/tk/quantum/ViewScene done
Event: 4.774 loading class com/sun/javafx/tk/quantum/WindowStage
Event: 4.774 loading class com/sun/javafx/tk/quantum/WindowStage done
Event: 4.775 loading class java/lang/Throwable$WrappedPrintStream
Event: 4.775 loading class java/lang/Throwable$PrintStreamOrWriter
Event: 4.775 loading class java/lang/Throwable$PrintStreamOrWriter done
Event: 4.775 loading class java/lang/Throwable$WrappedPrintStream done


Dynamic libraries:
0x00c60000 - 0x00c6c000 	C:\Program Files (x86)\Eclipse Adoptium\jdk-11.0.21.9-hotspot\bin\java.exe
0x77440000 - 0x775f1000 	C:\WINDOWS\SYSTEM32\ntdll.dll
0x75380000 - 0x75470000 	C:\WINDOWS\System32\KERNEL32.DLL
0x76350000 - 0x765c5000 	C:\WINDOWS\System32\KERNELBASE.dll
0x73ad0000 - 0x73b76000 	C:\WINDOWS\SYSTEM32\apphelp.dll
0x754e0000 - 0x755f2000 	C:\WINDOWS\System32\ucrtbase.dll
0x5aa40000 - 0x5aa55000 	C:\Program Files (x86)\Eclipse Adoptium\jdk-11.0.21.9-hotspot\bin\jli.dll
0x5a950000 - 0x5a963000 	C:\Program Files (x86)\Eclipse Adoptium\jdk-11.0.21.9-hotspot\bin\VCRUNTIME140.dll
0x75830000 - 0x759d9000 	C:\WINDOWS\System32\USER32.dll
0x75600000 - 0x7561a000 	C:\WINDOWS\System32\win32u.dll
0x73fd0000 - 0x741f8000 	C:\WINDOWS\WinSxS\x86_microsoft.windows.common-controls_6595b64144ccf1df_6.0.22621.3235_none_6ebcabb88802389e\COMCTL32.dll
0x75800000 - 0x75823000 	C:\WINDOWS\System32\GDI32.dll
0x76860000 - 0x76942000 	C:\WINDOWS\System32\gdi32full.dll
0x76950000 - 0x76a14000 	C:\WINDOWS\System32\msvcrt.dll
0x76120000 - 0x76199000 	C:\WINDOWS\System32\msvcp_win.dll
0x75f50000 - 0x75f75000 	C:\WINDOWS\System32\IMM32.DLL
0x5a6a0000 - 0x5a70f000 	C:\Program Files (x86)\Eclipse Adoptium\jdk-11.0.21.9-hotspot\bin\msvcp140.dll
0x5a1c0000 - 0x5a69b000 	C:\Program Files (x86)\Eclipse Adoptium\jdk-11.0.21.9-hotspot\bin\client\jvm.dll
0x75e30000 - 0x75eaf000 	C:\WINDOWS\System32\ADVAPI32.dll
0x75f80000 - 0x76005000 	C:\WINDOWS\System32\sechost.dll
0x76a20000 - 0x76a3a000 	C:\WINDOWS\System32\bcrypt.dll
0x767a0000 - 0x7685a000 	C:\WINDOWS\System32\RPCRT4.dll
0x75620000 - 0x75626000 	C:\WINDOWS\System32\PSAPI.DLL
0x74530000 - 0x74538000 	C:\WINDOWS\SYSTEM32\VERSION.dll
0x73f10000 - 0x73f41000 	C:\WINDOWS\SYSTEM32\WINMM.dll
0x6ee70000 - 0x6ee78000 	C:\WINDOWS\SYSTEM32\WSOCK32.dll
0x77150000 - 0x771af000 	C:\WINDOWS\System32\WS2_32.dll
0x744e0000 - 0x744f3000 	C:\WINDOWS\SYSTEM32\kernel.appcore.dll
0x5aa30000 - 0x5aa3d000 	C:\Program Files (x86)\Eclipse Adoptium\jdk-11.0.21.9-hotspot\bin\verify.dll
0x73d30000 - 0x73f06000 	C:\WINDOWS\SYSTEM32\DBGHELP.DLL
0x771b0000 - 0x7742c000 	C:\WINDOWS\System32\combase.dll
0x75eb0000 - 0x75f4c000 	C:\WINDOWS\System32\OLEAUT32.dll
0x73500000 - 0x73529000 	C:\WINDOWS\SYSTEM32\dbgcore.DLL
0x75470000 - 0x754d2000 	C:\WINDOWS\System32\bcryptPrimitives.dll
0x5a920000 - 0x5a942000 	C:\Program Files (x86)\Eclipse Adoptium\jdk-11.0.21.9-hotspot\bin\java.dll
0x5a910000 - 0x5a919000 	C:\Program Files (x86)\Eclipse Adoptium\jdk-11.0.21.9-hotspot\bin\jimage.dll
0x73fc0000 - 0x73fcd000 	C:\Program Files (x86)\Eclipse Adoptium\jdk-11.0.21.9-hotspot\bin\instrument.dll
0x5a1a0000 - 0x5a1b6000 	C:\Program Files (x86)\Eclipse Adoptium\jdk-11.0.21.9-hotspot\bin\zip.dll
0x76ab0000 - 0x77149000 	C:\WINDOWS\System32\SHELL32.dll
0x748b0000 - 0x74f9f000 	C:\WINDOWS\SYSTEM32\windows.storage.dll
0x747e0000 - 0x748a7000 	C:\WINDOWS\SYSTEM32\wintypes.dll
0x761a0000 - 0x76261000 	C:\WINDOWS\System32\SHCORE.dll
0x76270000 - 0x762bb000 	C:\WINDOWS\System32\shlwapi.dll
0x747c0000 - 0x747d9000 	C:\WINDOWS\SYSTEM32\profapi.dll
0x5a180000 - 0x5a194000 	C:\Program Files (x86)\Eclipse Adoptium\jdk-11.0.21.9-hotspot\bin\net.dll
0x74200000 - 0x742dc000 	C:\WINDOWS\SYSTEM32\WINHTTP.dll
0x74420000 - 0x74471000 	C:\WINDOWS\system32\mswsock.dll
0x5a170000 - 0x5a17f000 	C:\Program Files (x86)\Eclipse Adoptium\jdk-11.0.21.9-hotspot\bin\nio.dll
0x73fa0000 - 0x73fb6000 	C:\Program Files\JetBrains\IntelliJ IDEA 2023.3.2\bin\breakgen.dll
0x73f90000 - 0x73f93000 	C:\Users\cm284\.openjfx\cache\17.0.6\api-ms-win-core-console-l1-1-0.dll
0x73f80000 - 0x73f83000 	C:\Users\cm284\.openjfx\cache\17.0.6\api-ms-win-core-console-l1-2-0.dll
0x73f70000 - 0x73f73000 	C:\Users\cm284\.openjfx\cache\17.0.6\api-ms-win-core-datetime-l1-1-0.dll
0x73f60000 - 0x73f63000 	C:\Users\cm284\.openjfx\cache\17.0.6\api-ms-win-core-debug-l1-1-0.dll
0x73f50000 - 0x73f53000 	C:\Users\cm284\.openjfx\cache\17.0.6\api-ms-win-core-errorhandling-l1-1-0.dll
0x73490000 - 0x73494000 	C:\Users\cm284\.openjfx\cache\17.0.6\api-ms-win-core-file-l1-1-0.dll
0x73480000 - 0x73483000 	C:\Users\cm284\.openjfx\cache\17.0.6\api-ms-win-core-file-l1-2-0.dll
0x73470000 - 0x73473000 	C:\Users\cm284\.openjfx\cache\17.0.6\api-ms-win-core-file-l2-1-0.dll
0x73460000 - 0x73463000 	C:\Users\cm284\.openjfx\cache\17.0.6\api-ms-win-core-handle-l1-1-0.dll
0x73450000 - 0x73453000 	C:\Users\cm284\.openjfx\cache\17.0.6\api-ms-win-core-heap-l1-1-0.dll
0x73440000 - 0x73443000 	C:\Users\cm284\.openjfx\cache\17.0.6\api-ms-win-core-interlocked-l1-1-0.dll
0x733e0000 - 0x733e3000 	C:\Users\cm284\.openjfx\cache\17.0.6\api-ms-win-core-libraryloader-l1-1-0.dll
0x733d0000 - 0x733d3000 	C:\Users\cm284\.openjfx\cache\17.0.6\api-ms-win-core-localization-l1-2-0.dll
0x733c0000 - 0x733c3000 	C:\Users\cm284\.openjfx\cache\17.0.6\api-ms-win-core-memory-l1-1-0.dll
0x733b0000 - 0x733b3000 	C:\Users\cm284\.openjfx\cache\17.0.6\api-ms-win-core-namedpipe-l1-1-0.dll
0x733a0000 - 0x733a3000 	C:\Users\cm284\.openjfx\cache\17.0.6\api-ms-win-core-processenvironment-l1-1-0.dll
0x73390000 - 0x73393000 	C:\Users\cm284\.openjfx\cache\17.0.6\api-ms-win-core-processthreads-l1-1-0.dll
0x73380000 - 0x73383000 	C:\Users\cm284\.openjfx\cache\17.0.6\api-ms-win-core-processthreads-l1-1-1.dll
0x73370000 - 0x73373000 	C:\Users\cm284\.openjfx\cache\17.0.6\api-ms-win-core-profile-l1-1-0.dll
0x73360000 - 0x73363000 	C:\Users\cm284\.openjfx\cache\17.0.6\api-ms-win-core-rtlsupport-l1-1-0.dll
0x72e60000 - 0x72e63000 	C:\Users\cm284\.openjfx\cache\17.0.6\api-ms-win-core-string-l1-1-0.dll
0x72e50000 - 0x72e53000 	C:\Users\cm284\.openjfx\cache\17.0.6\api-ms-win-core-synch-l1-1-0.dll
0x72e40000 - 0x72e43000 	C:\Users\cm284\.openjfx\cache\17.0.6\api-ms-win-core-synch-l1-2-0.dll
0x72e30000 - 0x72e33000 	C:\Users\cm284\.openjfx\cache\17.0.6\api-ms-win-core-sysinfo-l1-1-0.dll
0x72e20000 - 0x72e23000 	C:\Users\cm284\.openjfx\cache\17.0.6\api-ms-win-core-timezone-l1-1-0.dll
0x72e10000 - 0x72e13000 	C:\Users\cm284\.openjfx\cache\17.0.6\api-ms-win-core-util-l1-1-0.dll
0x72e00000 - 0x72e03000 	C:\Users\cm284\.openjfx\cache\17.0.6\api-ms-win-crt-conio-l1-1-0.dll
0x72df0000 - 0x72df4000 	C:\Users\cm284\.openjfx\cache\17.0.6\api-ms-win-crt-convert-l1-1-0.dll
0x72c00000 - 0x72c03000 	C:\Users\cm284\.openjfx\cache\17.0.6\api-ms-win-crt-environment-l1-1-0.dll
0x72bf0000 - 0x72bf3000 	C:\Users\cm284\.openjfx\cache\17.0.6\api-ms-win-crt-filesystem-l1-1-0.dll
0x72be0000 - 0x72be3000 	C:\Users\cm284\.openjfx\cache\17.0.6\api-ms-win-crt-heap-l1-1-0.dll
0x72bd0000 - 0x72bd3000 	C:\Users\cm284\.openjfx\cache\17.0.6\api-ms-win-crt-locale-l1-1-0.dll
0x72bc0000 - 0x72bc5000 	C:\Users\cm284\.openjfx\cache\17.0.6\api-ms-win-crt-math-l1-1-0.dll
0x72bb0000 - 0x72bb5000 	C:\Users\cm284\.openjfx\cache\17.0.6\api-ms-win-crt-multibyte-l1-1-0.dll
0x72ba0000 - 0x72bb0000 	C:\Users\cm284\.openjfx\cache\17.0.6\api-ms-win-crt-private-l1-1-0.dll
0x72b90000 - 0x72b93000 	C:\Users\cm284\.openjfx\cache\17.0.6\api-ms-win-crt-process-l1-1-0.dll
0x72b80000 - 0x72b84000 	C:\Users\cm284\.openjfx\cache\17.0.6\api-ms-win-crt-runtime-l1-1-0.dll
0x72b70000 - 0x72b74000 	C:\Users\cm284\.openjfx\cache\17.0.6\api-ms-win-crt-stdio-l1-1-0.dll
0x72b60000 - 0x72b64000 	C:\Users\cm284\.openjfx\cache\17.0.6\api-ms-win-crt-string-l1-1-0.dll
0x72b50000 - 0x72b53000 	C:\Users\cm284\.openjfx\cache\17.0.6\api-ms-win-crt-time-l1-1-0.dll
0x72b40000 - 0x72b43000 	C:\Users\cm284\.openjfx\cache\17.0.6\api-ms-win-crt-utility-l1-1-0.dll
0x72a10000 - 0x72b33000 	C:\Users\cm284\.openjfx\cache\17.0.6\ucrtbase.dll
0x729f0000 - 0x72a04000 	C:\Users\cm284\.openjfx\cache\17.0.6\vcruntime140.dll
0x72980000 - 0x729ed000 	C:\Users\cm284\.openjfx\cache\17.0.6\msvcp140.dll
0x72970000 - 0x72977000 	C:\Users\cm284\.openjfx\cache\17.0.6\msvcp140_1.dll
0x72940000 - 0x72969000 	C:\Users\cm284\.openjfx\cache\17.0.6\msvcp140_2.dll
0x72910000 - 0x72936000 	C:\Users\cm284\.openjfx\cache\17.0.6\prism_d3d.dll
0x72790000 - 0x72901000 	C:\WINDOWS\system32\d3d9.dll
0x72760000 - 0x72784000 	C:\WINDOWS\SYSTEM32\dwmapi.dll
0x72730000 - 0x7275e000 	C:\WINDOWS\SYSTEM32\dxcore.dll
0x726b0000 - 0x7272f000 	C:\WINDOWS\system32\uxtheme.dll
0x72620000 - 0x726b0000 	C:\WINDOWS\SYSTEM32\d3d9on12.dll
0x72600000 - 0x7261d000 	C:\WINDOWS\SYSTEM32\d3d12.dll
0x72530000 - 0x725fa000 	C:\WINDOWS\SYSTEM32\dxgi.dll
0x73a90000 - 0x73acd000 	C:\WINDOWS\SYSTEM32\cfgmgr32.dll
0x72380000 - 0x72530000 	C:\WINDOWS\SYSTEM32\D3D12Core.dll
0x72280000 - 0x72376000 	C:\WINDOWS\System32\DriverStore\FileRepository\iigd_dch.inf_amd64_0fdf6ce291234272\igd12umd32.dll
0x70b00000 - 0x71998000 	C:\WINDOWS\System32\DriverStore\FileRepository\iigd_dch.inf_amd64_0fdf6ce291234272\igd12um32xel.dll
0x76010000 - 0x76113000 	C:\WINDOWS\System32\CRYPT32.dll
0x751a0000 - 0x752f5000 	C:\WINDOWS\System32\ole32.dll
0x72240000 - 0x72275000 	C:\WINDOWS\SYSTEM32\ControlLib32.dll
0x759e0000 - 0x75e1d000 	C:\WINDOWS\System32\SETUPAPI.dll
0x72210000 - 0x72234000 	C:\WINDOWS\SYSTEM32\DEVOBJ.dll
0x72190000 - 0x72205000 	C:\WINDOWS\System32\DriverStore\FileRepository\iigd_dch.inf_amd64_0fdf6ce291234272\IntelControlLib32.dll
0x75300000 - 0x75357000 	C:\WINDOWS\System32\WINTRUST.dll
0x6f8f0000 - 0x6f8fe000 	C:\WINDOWS\SYSTEM32\MSASN1.dll
0x72150000 - 0x7218c000 	C:\WINDOWS\SYSTEM32\directxdatabasehelper.dll
0x707c0000 - 0x70af7000 	C:\WINDOWS\System32\DriverStore\FileRepository\iigd_dch.inf_amd64_0fdf6ce291234272\igdgmm32.dll
0x6b550000 - 0x6ed52000 	C:\WINDOWS\System32\DriverStore\FileRepository\iigd_dch.inf_amd64_0fdf6ce291234272\igc32.dll
0x72120000 - 0x72141000 	C:\WINDOWS\SYSTEM32\D3DSCache.dll
0x75080000 - 0x7509f000 	C:\WINDOWS\SYSTEM32\USERENV.dll
0x71ea0000 - 0x72119000 	C:\WINDOWS\System32\DriverStore\FileRepository\iigd_dch.inf_amd64_0fdf6ce291234272\igd12dxva32.dll
0x6a450000 - 0x6b546000 	C:\WINDOWS\System32\DriverStore\FileRepository\iigd_dch.inf_amd64_0fdf6ce291234272\igddxvacommon32.dll
0x68750000 - 0x6a441000 	C:\WINDOWS\System32\DriverStore\FileRepository\iigd_dch.inf_amd64_0fdf6ce291234272\media_bin_32.dll
0x71e80000 - 0x71ea0000 	C:\WINDOWS\System32\DriverStore\FileRepository\iigd_dch.inf_amd64_0fdf6ce291234272\igdinfo32.dll
0x705d0000 - 0x707bc000 	C:\WINDOWS\SYSTEM32\twinapi.appcore.dll
0x71e40000 - 0x71e77000 	C:\Users\cm284\.openjfx\cache\17.0.6\glass.dll
0x75630000 - 0x756e1000 	C:\WINDOWS\System32\COMDLG32.dll
0x750a0000 - 0x7519f000 	C:\WINDOWS\System32\MSCTF.dll

dbghelp: loaded successfully - version: 4.0.5 - missing functions: none
symbol engine: initialized successfully - sym options: 0x614 - pdb path: .;C:\Program Files (x86)\Eclipse Adoptium\jdk-11.0.21.9-hotspot\bin;C:\WINDOWS\SYSTEM32;C:\WINDOWS\WinSxS\x86_microsoft.windows.common-controls_6595b64144ccf1df_6.0.22621.3235_none_6ebcabb88802389e;C:\Program Files (x86)\Eclipse Adoptium\jdk-11.0.21.9-hotspot\bin\client;C:\Program Files\JetBrains\IntelliJ IDEA 2023.3.2\bin;C:\Users\cm284\.openjfx\cache\17.0.6;C:\WINDOWS\System32\DriverStore\FileRepository\iigd_dch.inf_amd64_0fdf6ce291234272;C:\Program Files (x86)\Common Files\Microsoft Shared\Ink

VM Arguments:
jvm_args: -javaagent:C:\Program Files\JetBrains\IntelliJ IDEA 2023.3.2\lib\idea_rt.jar=58838:C:\Program Files\JetBrains\IntelliJ IDEA 2023.3.2\bin -Dfile.encoding=UTF-8 --module-path=C:\Users\cm284\.m2\repository\com\gluonhq\attach\util\4.0.19\util-4.0.19.jar;C:\Users\cm284\.m2\repository\org\openjfx\javafx-fxml\17.0.6\javafx-fxml-17.0.6-win-x86.jar;C:\Users\cm284\.m2\repository\org\openjfx\javafx-graphics\17.0.6\javafx-graphics-17.0.6-win-x86.jar;C:\Users\cm284\.m2\repository\com\gluonhq\attach\display\4.0.19\display-4.0.19.jar;C:\Users\cm284\.m2\repository\org\kordamp\bootstrapfx\bootstrapfx-core\0.4.0\bootstrapfx-core-0.4.0.jar;C:\Users\cm284\.m2\repository\com\gluonhq\attach\lifecycle\4.0.19\lifecycle-4.0.19.jar;C:\Users\cm284\IdeaProjects\GestorTareas\target\classes;C:\Users\cm284\.m2\repository\org\openjfx\javafx-controls\17.0.6\javafx-controls-17.0.6-win-x86.jar;C:\Users\cm284\.m2\repository\org\openjfx\javafx-base\17.0.6\javafx-base-17.0.6-win-x86.jar;C:\Users\cm284\.m2\repository\com\gluonhq\charm-glisten\6.2.3\charm-glisten-6.2.3.jar -Djdk.module.main=com.mendoza.gestortareas 
java_command: com.mendoza.gestortareas/com.mendoza.gestortareas.App
java_class_path (initial): C:\Users\cm284\.m2\repository\org\openjfx\javafx-controls\17.0.6\javafx-controls-17.0.6.jar;C:\Users\cm284\.m2\repository\org\openjfx\javafx-graphics\17.0.6\javafx-graphics-17.0.6.jar;C:\Users\cm284\.m2\repository\org\openjfx\javafx-base\17.0.6\javafx-base-17.0.6.jar;C:\Users\cm284\.m2\repository\org\openjfx\javafx-fxml\17.0.6\javafx-fxml-17.0.6.jar
Launcher Type: SUN_STANDARD

[Global flags]
   size_t InitialHeapSize                          = 16777216                                  {product} {ergonomic}
   size_t MaxHeapSize                              = 268435456                                 {product} {ergonomic}
   size_t MaxNewSize                               = 89456640                                  {product} {ergonomic}
   size_t MinHeapDeltaBytes                        = 131072                                    {product} {ergonomic}
   size_t NewSize                                  = 5570560                                   {product} {ergonomic}
    uintx NonProfiledCodeHeapSize                  = 0                                      {pd product} {ergonomic}
   size_t OldSize                                  = 11206656                                  {product} {ergonomic}
    uintx ProfiledCodeHeapSize                     = 0                                      {pd product} {ergonomic}
     bool ThreadLocalHandshakes                    = false                                  {pd product} {ergonomic}
     bool UseLargePagesIndividualAllocation        = false                                  {pd product} {ergonomic}
     bool UseSerialGC                              = true                                      {product} {ergonomic}

Logging:
Log output configuration:
 #0: stdout all=warning uptime,level,tags
 #1: stderr all=off uptime,level,tags

Environment Variables:
PATH=C:\Program Files (x86)\Eclipse Adoptium\jre-11.0.21.9-hotspot\bin;C:\Program Files (x86)\Eclipse Adoptium\jdk-11.0.21.9-hotspot\bin;C:\windows\system32;C:\windows;C:\windows\System32\Wbem;C:\windows\System32\WindowsPowerShell\v1.0\;C:\windows\System32\OpenSSH\;C:\Program Files (x86)\NVIDIA Corporation\PhysX\Common;C:\WINDOWS\system32;C:\WINDOWS;C:\WINDOWS\System32\Wbem;C:\WINDOWS\System32\WindowsPowerShell\v1.0\;C:\WINDOWS\System32\OpenSSH\;C:\Program Files\Git\cmd;C:\Program Files\HP\HP One Agent;C:\Users\cm284\AppData\Local\Microsoft\WindowsApps;C:\Users\cm284\AppData\Local\Programs\Microsoft VS Code\bin;C:\MinGW\bin;
USERNAME=cm284
OS=Windows_NT
PROCESSOR_IDENTIFIER=Intel64 Family 6 Model 154 Stepping 3, GenuineIntel
TMP=C:\Users\cm284\AppData\Local\Temp
TEMP=C:\Users\cm284\AppData\Local\Temp



---------------  S Y S T E M  ---------------

OS: Windows 11 , 64 bit Build 22621 (10.0.22621.3374)
OS uptime: 1 days 18:29 hours

CPU:total 12 (initial active 12) (6 cores per cpu, 2 threads per core) family 6 model 154 stepping 3 microcode 0x42c, cmov, cx8, fxsr, mmx, sse, sse2, sse3, ssse3, sse4.1, sse4.2, popcnt, avx, avx2, aes, clmul, erms, 3dnowpref, lzcnt, ht, tsc, tscinvbit, bmi1, bmi2, adx, sha, fma

Memory: 4k page, system-wide physical 32436M (21053M free)
TotalPageFile size 34484M (AvailPageFile size 21351M), user-mode portion of virtual address-space 2047M (1171M free)
current process WorkingSet (physical memory assigned to process): 163M, peak: 165M
current process commit charge ("private bytes"): 153M, peak: 153M

vm_info: OpenJDK Client VM (11.0.21+9) for windows-x86 JRE (11.0.21+9), built on Oct 17 2023 17:27:10 by "" with MS VC++ 15.9 (VS2017)

END.
